# project noname (0.0.1) configured on Wed Jul 25 12:27:06 2012 by
# waf 1.5.16 (abi 7, python 20703f0 on linux2)
# using /home/aboutlocal01/.nave/installed/0.8.2/bin/node-waf configure build
#

----------------------------------------
Checking for program g++ or c++
  find program=['g++', 'c++'] paths=[] var='CXX'
  -> '/usr/bin/g++'

----------------------------------------
Checking for program cpp
  find program=['cpp'] paths=[] var='CPP'
  -> '/usr/bin/cpp'

----------------------------------------
Checking for program ar
  find program=['ar'] paths=[] var='AR'
  -> '/usr/bin/ar'

----------------------------------------
Checking for program ranlib
  find program=['ranlib'] paths=[] var='RANLIB'
  -> '/usr/bin/ranlib'

----------------------------------------
Checking for g++ 
ok 

----------------------------------------
Checking for node path 
ok /home/aboutlocal01/.nave/installed/0.8.2/lib/node

----------------------------------------
Checking for node prefix 
ok /home/aboutlocal01/.nave/installed/0.8.2
